<?xml version="1.0" encoding="UTF-8"?>
<!-- Generated by org.testng.reporters.JUnitReportReporter -->
<testsuite skipped="0" hostname="anna" name="quandoo.runTest" tests="1" failures="0" timestamp="09 Dec 2018 12:12:07 GMT" time="11.269" errors="0">
  <testcase name="feature" time="11.269" classname="quandoo.runTest"/>
</testsuite> <!-- quandoo.runTest -->
